\BOOKMARK [2][-]{section*.1}{\376\377\0001\000\040\000F\000i\000t\000\040\000a\000\040\000d\000i\000s\000t\000r\000i\000b\000u\000t\000i\000o\000n}{}% 1
\BOOKMARK [3][-]{section*.2}{\376\377\0001\000.\0001\000\040\000C\000h\000e\000c\000k\000i\000n\000g\000\040\000a\000n\000d\000\040\000m\000o\000d\000i\000f\000y\000i\000n\000g\000\040\000t\000h\000e\000\040\000d\000a\000t\000a}{section*.1}% 2
\BOOKMARK [3][-]{section*.3}{\376\377\0001\000.\0002\000\040\000I\000s\000\040\000o\000u\000r\000\040\000d\000a\000t\000a\000\040\000n\000o\000r\000m\000a\000l\000l\000y\000\040\000d\000i\000s\000t\000r\000i\000b\000u\000t\000e\000d\000?}{section*.1}% 3
\BOOKMARK [3][-]{section*.4}{\376\377\0001\000.\0003\000\040\000U\000s\000i\000n\000g\000\040\000a\000\040\000B\000e\000t\000a\000\040\000d\000i\000s\000t\000r\000i\000b\000u\000t\000i\000o\000n}{section*.1}% 4
\BOOKMARK [3][-]{section*.5}{\376\377\0001\000.\0004\000\040\000U\000s\000i\000n\000g\000\040\000M\000a\000x\000i\000m\000u\000m\000\040\000L\000i\000k\000e\000l\000i\000h\000o\000o\000d\000\040\000t\000o\000\040\000d\000e\000t\000e\000r\000m\000i\000n\000e\000\040\000w\000h\000i\000c\000h\000\040\000d\000i\000s\000t\000r\000i\000b\000u\000t\000i\000o\000n\000\040\000f\000i\000t\000s\000\040\000b\000e\000s\000t}{section*.1}% 5
\BOOKMARK [3][-]{section*.8}{\376\377\0001\000.\0005\000\040\000M\000e\000a\000n\000\040\000a\000n\000d\000\040\000M\000e\000d\000i\000a\000n\000\040\000o\000f\000\040\000t\000h\000e\000\040\000g\000r\000a\000d\000e\000\040\000d\000i\000s\000t\000r\000i\000b\000u\000t\000i\000o\000n}{section*.1}% 6
\BOOKMARK [3][-]{section*.9}{\376\377\0001\000.\0006\000\040\0009\0009\000\045\000\040\000P\000a\000r\000a\000m\000e\000t\000r\000i\000c\000\040\000B\000o\000o\000t\000s\000t\000r\000a\000p\000\040\000o\000f\000\040\000t\000h\000e\000\040\000M\000e\000a\000n\000\040\000\050\000B\000e\000t\000a\000\040\000D\000i\000s\000t\000r\000i\000b\000u\000t\000i\000o\000n\000\051}{section*.1}% 7
\BOOKMARK [3][-]{section*.10}{\376\377\0001\000.\0007\000\040\000P\000r\000o\000p\000o\000r\000t\000i\000o\000n\000\040\000A\000n\000a\000l\000y\000s\000i\000s\000\040\000f\000o\000r\000\040\000S\000t\000u\000d\000e\000n\000t\000\040\000G\000r\000a\000d\000e\000s\000\040}{section*.1}% 8
\BOOKMARK [3][-]{section*.11}{\376\377\0001\000.\0008\000\040\000D\000i\000d\000\040\000t\000h\000e\000\040\000q\000u\000i\000z\000\040\000a\000c\000h\000i\000e\000v\000e\000\040\000t\000h\000e\000\040\000l\000e\000c\000t\000u\000r\000e\000r\000s\000\040\000a\000i\000m\000'\000s\000?\000\040}{section*.1}% 9
\BOOKMARK [2][-]{section*.12}{\376\377\0002\000\040\000A\000r\000e\000\040\000P\000o\000s\000t\000g\000r\000a\000d\000\040\000s\000t\000u\000d\000e\000n\000t\000s\000\040\000b\000e\000t\000t\000e\000r\000?}{}% 10
\BOOKMARK [3][-]{section*.13}{\376\377\0002\000.\0001\000\040\000C\000r\000e\000a\000t\000i\000n\000g\000\040\000a\000\040\000`\000`\000R\000e\000s\000u\000l\000t\000'\000'\000\040\000v\000a\000r\000i\000a\000b\000l\000e}{section*.12}% 11
\BOOKMARK [3][-]{section*.14}{\376\377\0002\000.\0002\000\040\000T\000a\000b\000l\000e\000\040\000o\000f\000\040\000P\000r\000o\000p\000o\000r\000t\000i\000o\000n\000s\000\040\000\050\000S\000t\000u\000d\000e\000n\000t\000s\000\040\000G\000r\000a\000d\000e\000\040\000P\000e\000r\000f\000o\000r\000m\000a\000n\000c\000e\000\051}{section*.12}% 12
\BOOKMARK [3][-]{section*.15}{\376\377\0002\000.\0003\000\040\000P\000e\000r\000m\000u\000t\000a\000t\000i\000o\000n\000\040\000T\000e\000s\000t\000\040\000\046\000\040\000S\000a\000m\000p\000l\000i\000n\000g\000\040\000D\000i\000s\000t\000r\000i\000b\000u\000t\000i\000o\000n}{section*.12}% 13
\BOOKMARK [3][-]{section*.16}{\376\377\0002\000.\0004\000\040\000H\000y\000p\000o\000t\000h\000e\000s\000i\000s\000\040\000T\000e\000s\000t}{section*.12}% 14
\BOOKMARK [3][-]{section*.17}{\376\377\0002\000.\0005\000\040\000W\000h\000y\000\040\000i\000s\000\040\000t\000h\000e\000\040\000p\000-\000v\000a\000l\000u\000e\000\040\000l\000a\000r\000g\000e\000r\000\040\000t\000h\000a\000n\000\040\000e\000x\000p\000e\000c\000t\000e\000d\000?}{section*.12}% 15
\BOOKMARK [2][-]{section*.18}{\376\377\0003\000\040\000B\000a\000y\000e\000s\000i\000a\000n\000\040\000A\000n\000a\000l\000y\000s\000i\000s}{}% 16
\BOOKMARK [3][-]{section*.19}{\376\377\0003\000.\0001\000\040\000P\000r\000i\000o\000r\000\040\000d\000i\000s\000t\000r\000i\000b\000u\000t\000i\000o\000n\000s}{section*.18}% 17
\BOOKMARK [3][-]{section*.20}{\376\377\0003\000.\0002\000\040\000P\000o\000s\000t\000e\000r\000i\000o\000r\000\040\000d\000i\000s\000t\000r\000i\000b\000u\000t\000i\000o\000n\000s}{section*.18}% 18
\BOOKMARK [3][-]{section*.21}{\376\377\0003\000.\0003\000\040\0009\0005\000\045\000\040\000C\000r\000e\000d\000i\000b\000l\000e\000\040\000I\000n\000t\000e\000r\000v\000a\000l\000s\000\040\000f\000o\000r\000\040\000P\000G\000\040\000\046\000\040\000U\000G\000\040\000s\000t\000u\000d\000e\000n\000t\000s\000\040\000w\000h\000o\000\040\000p\000a\000s\000s\000e\000d}{section*.18}% 19
\BOOKMARK [3][-]{section*.22}{\376\377\0003\000.\0004\000\040\000M\000i\000n\000i\000m\000i\000s\000i\000n\000g\000\040\000t\000h\000e\000\040\000p\000o\000s\000t\000e\000r\000i\000o\000r\000\040\000e\000x\000p\000e\000c\000t\000e\000d\000\040\000s\000q\000u\000a\000r\000e\000d\000\040\000e\000r\000r\000o\000r\000\040\000l\000o\000s\000s\000\040\000a\000n\000d\000\040\000t\000h\000e\000\040\000c\000o\000r\000r\000e\000s\000p\000o\000n\000d\000i\000n\000g\000\040\000c\000r\000e\000d\000i\000b\000i\000l\000i\000t\000y\000\040\000f\000a\000c\000t\000o\000r\000s}{section*.18}% 20
\BOOKMARK [3][-]{section*.23}{\376\377\0003\000.\0005\000\040\000M\000i\000n\000i\000m\000i\000s\000i\000n\000g\000\040\000t\000h\000e\000\040\000p\000o\000s\000t\000e\000r\000i\000o\000r\000\040\000e\000x\000p\000e\000c\000t\000e\000d\000\040\000a\000b\000s\000o\000l\000u\000t\000e\000\040\000e\000r\000r\000o\000r\000\040\000l\000o\000s\000s}{section*.18}% 21
\BOOKMARK [3][-]{section*.24}{\376\377\0003\000.\0006\000\040\000V\000i\000s\000u\000a\000l\000i\000s\000i\000n\000g\000\040\000P\000o\000s\000t\000e\000r\000i\000o\000r\000\040\000D\000i\000s\000t\000r\000i\000b\000u\000t\000i\000o\000n\000:\000\040\000S\000t\000u\000d\000e\000n\000t\000s\000\040\000w\000h\000o\000\040\000`\000`\000P\000a\000s\000s\000e\000d\000'\000'}{section*.18}% 22
\BOOKMARK [3][-]{section*.25}{\376\377\0003\000.\0007\000\040\000R\000e\000c\000o\000m\000m\000e\000n\000d\000i\000n\000g\000\040\000P\000r\000i\000o\000r\000s\000\040\000f\000o\000r\000\040\000n\000e\000x\000t\000\040\000s\000e\000m\000e\000s\000t\000e\000r}{section*.18}% 23
\BOOKMARK [3][-]{section*.26}{\376\377\0003\000.\0008\000\040\000V\000i\000s\000u\000a\000l\000i\000s\000i\000n\000g\000\040\000S\000i\000m\000u\000l\000a\000t\000e\000d\000\040\000P\000o\000s\000t\000e\000r\000i\000o\000r\000\040\000D\000i\000s\000t\000r\000i\000b\000u\000t\000i\000o\000n\000:\000\040\000P\000o\000s\000t\000g\000r\000a\000d\000\040\000v\000s\000.\000\040\000U\000n\000d\000e\000r\000g\000r\000a\000d\000\040\000P\000a\000s\000s\000\040\000R\000a\000t\000e}{section*.18}% 24
\BOOKMARK [3][-]{section*.27}{\376\377\0003\000.\0009\000\040\000P\000r\000o\000b\000a\000b\000i\000l\000i\000t\000y\000\040\000o\000f\000\040\000G\000r\000a\000d\000e\000\040\000D\000i\000f\000f\000e\000r\000e\000n\000c\000e\000\040\000i\000s\000\040\000w\000i\000t\000h\000i\000n\000\040\0000\000.\0001\0005}{section*.18}% 25
